[debug] [2022-05-12T19:05:03.558Z] ----------------------------------------------------------------------
[debug] [2022-05-12T19:05:03.558Z] Command:       /usr/local/bin/node /usr/local/bin/firebase emulators:start --only functions
[debug] [2022-05-12T19:05:03.558Z] CLI Version:   10.2.1
[debug] [2022-05-12T19:05:03.559Z] Platform:      darwin
[debug] [2022-05-12T19:05:03.559Z] Node Version:  v16.14.0
[debug] [2022-05-12T19:05:03.561Z] Time:          Thu May 12 2022 20:05:03 GMT+0100 (West Africa Standard Time)
[debug] [2022-05-12T19:05:03.561Z] ----------------------------------------------------------------------
[debug] 
[debug] [2022-05-12T19:05:03.562Z] >>> [apiv2][query] GET https://firebase-public.firebaseio.com/cli.json [none]
[debug] [2022-05-12T19:05:03.595Z] > command requires scopes: ["email","openid","https://www.googleapis.com/auth/cloudplatformprojects.readonly","https://www.googleapis.com/auth/firebase","https://www.googleapis.com/auth/cloud-platform"]
[debug] [2022-05-12T19:05:03.595Z] > authorizing via signed-in user (akpananthony33@gmail.com)
[info] i  emulators: Starting emulators: functions {"metadata":{"emulator":{"name":"hub"},"message":"Starting emulators: functions"}}
[debug] [2022-05-12T19:05:03.603Z] [hub] writing locator at /var/folders/b3/352hwdw91439glm3mkblq3840000gn/T/hub-octobus-1.json
[warn] ⚠  functions: The following emulators are not running, calls to these services from the Functions emulator will affect production: auth, firestore, database, hosting, pubsub, storage {"metadata":{"emulator":{"name":"functions"},"message":"The following emulators are not running, calls to these services from the Functions emulator will affect production: \u001b[1mauth, firestore, database, hosting, pubsub, storage\u001b[22m"}}
[info] ✔  functions: Using node@16 from host. {"metadata":{"emulator":{"name":"functions"},"message":"Using node@16 from host."}}
[debug] [2022-05-12T19:05:07.218Z] defaultcredentials: writing to file /Users/kromate/.config/firebase/akpananthony33_gmail_com_application_default_credentials.json
[debug] [2022-05-12T19:05:07.221Z] Setting GAC to /Users/kromate/.config/firebase/akpananthony33_gmail_com_application_default_credentials.json {"metadata":{"emulator":{"name":"functions"},"message":"Setting GAC to /Users/kromate/.config/firebase/akpananthony33_gmail_com_application_default_credentials.json"}}
[debug] [2022-05-12T19:05:07.222Z] > refreshing access token with scopes: []
[debug] [2022-05-12T19:05:07.223Z] >>> HTTP REQUEST POST https://www.googleapis.com/oauth2/v3/token  
 <request body omitted>
[debug] [2022-05-12T19:05:09.035Z] <<< HTTP RESPONSE 200 {"cache-control":"no-cache, no-store, max-age=0, must-revalidate","date":"Thu, 12 May 2022 19:05:08 GMT","pragma":"no-cache","expires":"Mon, 01 Jan 1990 00:00:00 GMT","content-type":"application/json; charset=utf-8","vary":"X-Origin, Referer, Origin,Accept-Encoding","server":"scaffolding on HTTPServer2","x-xss-protection":"0","x-frame-options":"SAMEORIGIN","x-content-type-options":"nosniff","alt-svc":"h3=\":443\"; ma=2592000,h3-29=\":443\"; ma=2592000,h3-Q050=\":443\"; ma=2592000,h3-Q046=\":443\"; ma=2592000,h3-Q043=\":443\"; ma=2592000,quic=\":443\"; ma=2592000; v=\"46,43\"","accept-ranges":"none","transfer-encoding":"chunked"}
[debug] [2022-05-12T19:05:09.083Z] >>> [apiv2][query] GET https://firebase.googleapis.com/v1beta1/projects/octobus-1/adminSdkConfig [none]
[debug] [2022-05-12T19:05:09.529Z] <<< [apiv2][status] GET https://firebase-public.firebaseio.com/cli.json 200
[debug] [2022-05-12T19:05:09.530Z] <<< [apiv2][body] GET https://firebase-public.firebaseio.com/cli.json {"cloudBuildErrorAfter":1594252800000,"cloudBuildWarnAfter":1590019200000,"defaultNode10After":1594252800000,"minVersion":"3.0.5","node8DeploysDisabledAfter":1613390400000,"node8RuntimeDisabledAfter":1615809600000,"node8WarnAfter":1600128000000}
[debug] [2022-05-12T19:05:13.585Z] <<< [apiv2][status] GET https://firebase.googleapis.com/v1beta1/projects/octobus-1/adminSdkConfig 200
[debug] [2022-05-12T19:05:13.585Z] <<< [apiv2][body] GET https://firebase.googleapis.com/v1beta1/projects/octobus-1/adminSdkConfig {"projectId":"octobus-1","storageBucket":"octobus-1.appspot.com","locationId":"us-central"}
[debug] [2022-05-12T19:05:13.627Z] Ignoring unsupported arg: auto_download {"metadata":{"emulator":{"name":"ui"},"message":"Ignoring unsupported arg: auto_download"}}
[debug] [2022-05-12T19:05:13.628Z] Ignoring unsupported arg: port {"metadata":{"emulator":{"name":"ui"},"message":"Ignoring unsupported arg: port"}}
[debug] [2022-05-12T19:05:13.628Z] Starting Emulator UI with command {"binary":"node","args":["/Users/kromate/.cache/firebase/emulators/ui-v1.6.5/server.bundle.js"],"optionalArgs":[],"joinArgs":false} {"metadata":{"emulator":{"name":"ui"},"message":"Starting Emulator UI with command {\"binary\":\"node\",\"args\":[\"/Users/kromate/.cache/firebase/emulators/ui-v1.6.5/server.bundle.js\"],\"optionalArgs\":[],\"joinArgs\":false}"}}
[info] i  ui: Emulator UI logging to ui-debug.log {"metadata":{"emulator":{"name":"ui"},"message":"Emulator UI logging to \u001b[1mui-debug.log\u001b[22m"}}
[debug] [2022-05-12T19:05:13.715Z] Web / API server started at localhost:4000
 {"metadata":{"emulator":{"name":"ui"},"message":"Web / API server started at localhost:4000\n"}}
[info] i  functions: Watching "/Users/kromate/Desktop/Work/Octobus/functions" for Cloud Functions... {"metadata":{"emulator":{"name":"functions"},"message":"Watching \"/Users/kromate/Desktop/Work/Octobus/functions\" for Cloud Functions..."}}
[debug] [2022-05-12T19:05:13.909Z] Validating nodejs source
[warn] ⚠  functions: package.json indicates an outdated version of firebase-functions.
Please upgrade using npm install --save firebase-functions@latest in your functions directory. 
[debug] [2022-05-12T19:05:15.796Z] > [functions] package.json contents: {
  "name": "functions",
  "description": "Cloud Functions for Firebase",
  "scripts": {
    "serve": "firebase emulators:start --only functions",
    "shell": "firebase functions:shell",
    "start": "npm run shell",
    "deploy": "firebase deploy --only functions",
    "logs": "firebase functions:log"
  },
  "engines": {
    "node": "16"
  },
  "main": "index.js",
  "dependencies": {
    "firebase-admin": "^9.8.0",
    "firebase-functions": "^3.14.1",
    "googleapis": "^100.0.0"
  },
  "devDependencies": {
    "firebase-functions-test": "^0.2.0"
  },
  "private": true
}
[debug] [2022-05-12T19:05:15.796Z] Building nodejs source
[debug] [2022-05-12T19:05:15.796Z] Analyzing nodejs backend spec
[info] 
┌─────────────────────────────────────────────────────────────┐
│ ✔  All emulators ready! It is now safe to connect your app. │
│ i  View Emulator UI at http://localhost:4000                │
└─────────────────────────────────────────────────────────────┘

┌───────────┬────────────────┬─────────────────────────────────┐
│ Emulator  │ Host:Port      │ View in Emulator UI             │
├───────────┼────────────────┼─────────────────────────────────┤
│ Functions │ localhost:5001 │ http://localhost:4000/functions │
└───────────┴────────────────┴─────────────────────────────────┘
  Emulator Hub running at localhost:4400
  Other reserved ports: 4500

Issues? Report them at https://github.com/firebase/firebase-tools/issues and attach the *-debug.log files.
 
